Using device: cuda
Dataset: COVID | N = 55 | T_in=12 | T_out=12
Model: FreqTimeHPG | Total params: 54634 | Trainable params: 54634
Epoch 001/100 | train_loss 0.131603 | val_MAPE 1.6425 | val_MAE 0.166222 | val_RMSE 0.210846
---> best val_MAE = 0.166222 (epoch 1)
Epoch 002/100 | train_loss 0.072818 | val_MAPE 1.6031 | val_MAE 0.141353 | val_RMSE 0.182262
---> best val_MAE = 0.141353 (epoch 2)
Epoch 003/100 | train_loss 0.057636 | val_MAPE 1.6057 | val_MAE 0.135033 | val_RMSE 0.174121
---> best val_MAE = 0.135033 (epoch 3)
Epoch 004/100 | train_loss 0.050274 | val_MAPE 1.5838 | val_MAE 0.122988 | val_RMSE 0.162036
---> best val_MAE = 0.122988 (epoch 4)
Epoch 005/100 | train_loss 0.046852 | val_MAPE 1.5727 | val_MAE 0.120491 | val_RMSE 0.159582
---> best val_MAE = 0.120491 (epoch 5)
Epoch 006/100 | train_loss 0.042741 | val_MAPE 1.5592 | val_MAE 0.113805 | val_RMSE 0.153626
---> best val_MAE = 0.113805 (epoch 6)
Epoch 007/100 | train_loss 0.040582 | val_MAPE 1.5498 | val_MAE 0.109227 | val_RMSE 0.148073
---> best val_MAE = 0.109227 (epoch 7)
Epoch 008/100 | train_loss 0.038654 | val_MAPE 1.5269 | val_MAE 0.109679 | val_RMSE 0.149355
Epoch 009/100 | train_loss 0.037664 | val_MAPE 1.5259 | val_MAE 0.107914 | val_RMSE 0.146458
---> best val_MAE = 0.107914 (epoch 9)
Epoch 010/100 | train_loss 0.037335 | val_MAPE 1.5594 | val_MAE 0.109895 | val_RMSE 0.145886
Epoch 011/100 | train_loss 0.035132 | val_MAPE 1.5233 | val_MAE 0.102676 | val_RMSE 0.139723
---> best val_MAE = 0.102676 (epoch 11)
Epoch 012/100 | train_loss 0.033581 | val_MAPE 1.4867 | val_MAE 0.097450 | val_RMSE 0.135964
---> best val_MAE = 0.097450 (epoch 12)
Epoch 013/100 | train_loss 0.035600 | val_MAPE 1.5306 | val_MAE 0.105704 | val_RMSE 0.140782
Epoch 014/100 | train_loss 0.032322 | val_MAPE 1.5335 | val_MAE 0.101605 | val_RMSE 0.138576
Epoch 015/100 | train_loss 0.031670 | val_MAPE 1.4759 | val_MAE 0.095987 | val_RMSE 0.133200
---> best val_MAE = 0.095987 (epoch 15)
Epoch 016/100 | train_loss 0.031517 | val_MAPE 1.4723 | val_MAE 0.093259 | val_RMSE 0.129710
---> best val_MAE = 0.093259 (epoch 16)
Epoch 017/100 | train_loss 0.031011 | val_MAPE 1.4905 | val_MAE 0.096859 | val_RMSE 0.132639
Epoch 018/100 | train_loss 0.032083 | val_MAPE 1.5369 | val_MAE 0.106427 | val_RMSE 0.140763
Epoch 019/100 | train_loss 0.029912 | val_MAPE 1.4648 | val_MAE 0.091295 | val_RMSE 0.126889
---> best val_MAE = 0.091295 (epoch 19)
Epoch 020/100 | train_loss 0.030827 | val_MAPE 1.4885 | val_MAE 0.096418 | val_RMSE 0.130960
Epoch 021/100 | train_loss 0.028994 | val_MAPE 1.4520 | val_MAE 0.089179 | val_RMSE 0.124782
---> best val_MAE = 0.089179 (epoch 21)
Epoch 022/100 | train_loss 0.028711 | val_MAPE 1.4388 | val_MAE 0.087267 | val_RMSE 0.123608
---> best val_MAE = 0.087267 (epoch 22)
Epoch 023/100 | train_loss 0.028740 | val_MAPE 1.4474 | val_MAE 0.088411 | val_RMSE 0.124217
Epoch 024/100 | train_loss 0.027660 | val_MAPE 1.4267 | val_MAE 0.085275 | val_RMSE 0.121948
---> best val_MAE = 0.085275 (epoch 24)
Epoch 025/100 | train_loss 0.027625 | val_MAPE 1.4288 | val_MAE 0.083745 | val_RMSE 0.120023
---> best val_MAE = 0.083745 (epoch 25)
Epoch 026/100 | train_loss 0.028417 | val_MAPE 1.4402 | val_MAE 0.086793 | val_RMSE 0.122146
Epoch 027/100 | train_loss 0.027348 | val_MAPE 1.4153 | val_MAE 0.081272 | val_RMSE 0.117953
---> best val_MAE = 0.081272 (epoch 27)
Epoch 028/100 | train_loss 0.027809 | val_MAPE 1.4502 | val_MAE 0.088601 | val_RMSE 0.123384
Epoch 029/100 | train_loss 0.027989 | val_MAPE 1.4257 | val_MAE 0.084551 | val_RMSE 0.120378
Epoch 030/100 | train_loss 0.028330 | val_MAPE 1.4416 | val_MAE 0.087421 | val_RMSE 0.121940
Epoch 031/100 | train_loss 0.026644 | val_MAPE 1.4062 | val_MAE 0.079375 | val_RMSE 0.115857
---> best val_MAE = 0.079375 (epoch 31)
Epoch 032/100 | train_loss 0.026951 | val_MAPE 1.4337 | val_MAE 0.084726 | val_RMSE 0.120171
Epoch 033/100 | train_loss 0.026407 | val_MAPE 1.4503 | val_MAE 0.087040 | val_RMSE 0.123734
Epoch 034/100 | train_loss 0.026740 | val_MAPE 1.3966 | val_MAE 0.078882 | val_RMSE 0.116000
---> best val_MAE = 0.078882 (epoch 34)
Epoch 035/100 | train_loss 0.026673 | val_MAPE 1.3960 | val_MAE 0.078420 | val_RMSE 0.115549
---> best val_MAE = 0.078420 (epoch 35)
Epoch 036/100 | train_loss 0.026562 | val_MAPE 1.4278 | val_MAE 0.083813 | val_RMSE 0.119450
Epoch 037/100 | train_loss 0.025968 | val_MAPE 1.4006 | val_MAE 0.078312 | val_RMSE 0.114930
---> best val_MAE = 0.078312 (epoch 37)
Epoch 038/100 | train_loss 0.026908 | val_MAPE 1.3918 | val_MAE 0.077115 | val_RMSE 0.113982
---> best val_MAE = 0.077115 (epoch 38)
Epoch 039/100 | train_loss 0.026286 | val_MAPE 1.3977 | val_MAE 0.078306 | val_RMSE 0.115203
Epoch 040/100 | train_loss 0.026148 | val_MAPE 1.4034 | val_MAE 0.079088 | val_RMSE 0.115634
Epoch 041/100 | train_loss 0.027569 | val_MAPE 1.4600 | val_MAE 0.090506 | val_RMSE 0.123715
Epoch 042/100 | train_loss 0.026455 | val_MAPE 1.4173 | val_MAE 0.081563 | val_RMSE 0.116728
Epoch 043/100 | train_loss 0.025697 | val_MAPE 1.3986 | val_MAE 0.077625 | val_RMSE 0.114264
Epoch 044/100 | train_loss 0.025876 | val_MAPE 1.4035 | val_MAE 0.079164 | val_RMSE 0.115630
Epoch 045/100 | train_loss 0.024966 | val_MAPE 1.3843 | val_MAE 0.075318 | val_RMSE 0.113363
---> best val_MAE = 0.075318 (epoch 45)
Epoch 046/100 | train_loss 0.026093 | val_MAPE 1.4644 | val_MAE 0.091311 | val_RMSE 0.125404
Epoch 047/100 | train_loss 0.025946 | val_MAPE 1.4061 | val_MAE 0.079206 | val_RMSE 0.115312
Epoch 048/100 | train_loss 0.025508 | val_MAPE 1.4067 | val_MAE 0.079173 | val_RMSE 0.116155
Epoch 049/100 | train_loss 0.025389 | val_MAPE 1.4081 | val_MAE 0.079259 | val_RMSE 0.115522
Epoch 050/100 | train_loss 0.025616 | val_MAPE 1.3897 | val_MAE 0.076147 | val_RMSE 0.113527
Epoch 051/100 | train_loss 0.025128 | val_MAPE 1.3885 | val_MAE 0.076040 | val_RMSE 0.113907
Epoch 052/100 | train_loss 0.026198 | val_MAPE 1.4289 | val_MAE 0.083643 | val_RMSE 0.119189
Epoch 053/100 | train_loss 0.025697 | val_MAPE 1.3956 | val_MAE 0.077308 | val_RMSE 0.113876
Epoch 054/100 | train_loss 0.025880 | val_MAPE 1.4382 | val_MAE 0.085554 | val_RMSE 0.120602
Epoch 055/100 | train_loss 0.025352 | val_MAPE 1.4026 | val_MAE 0.078672 | val_RMSE 0.115221
Epoch 056/100 | train_loss 0.026158 | val_MAPE 1.4196 | val_MAE 0.081887 | val_RMSE 0.117503
Epoch 057/100 | train_loss 0.025663 | val_MAPE 1.3970 | val_MAE 0.077335 | val_RMSE 0.113656
Epoch 058/100 | train_loss 0.025290 | val_MAPE 1.3939 | val_MAE 0.076717 | val_RMSE 0.113538
Epoch 059/100 | train_loss 0.024687 | val_MAPE 1.3896 | val_MAE 0.075706 | val_RMSE 0.112462
Epoch 060/100 | train_loss 0.025342 | val_MAPE 1.3982 | val_MAE 0.077421 | val_RMSE 0.113862
Epoch 061/100 | train_loss 0.024910 | val_MAPE 1.3894 | val_MAE 0.075678 | val_RMSE 0.112727
Epoch 062/100 | train_loss 0.025174 | val_MAPE 1.3817 | val_MAE 0.075176 | val_RMSE 0.112797
---> best val_MAE = 0.075176 (epoch 62)
Epoch 063/100 | train_loss 0.024577 | val_MAPE 1.3808 | val_MAE 0.074107 | val_RMSE 0.111772
---> best val_MAE = 0.074107 (epoch 63)
Epoch 064/100 | train_loss 0.024722 | val_MAPE 1.3856 | val_MAE 0.075035 | val_RMSE 0.112349
Epoch 065/100 | train_loss 0.025737 | val_MAPE 1.3841 | val_MAE 0.074945 | val_RMSE 0.112463
Epoch 066/100 | train_loss 0.025762 | val_MAPE 1.3984 | val_MAE 0.077286 | val_RMSE 0.113366
Epoch 067/100 | train_loss 0.025405 | val_MAPE 1.4023 | val_MAE 0.077956 | val_RMSE 0.114187
Epoch 068/100 | train_loss 0.024401 | val_MAPE 1.3859 | val_MAE 0.075118 | val_RMSE 0.112762
Epoch 069/100 | train_loss 0.025809 | val_MAPE 1.4105 | val_MAE 0.079551 | val_RMSE 0.115739
Epoch 070/100 | train_loss 0.024750 | val_MAPE 1.3727 | val_MAE 0.072728 | val_RMSE 0.110493
---> best val_MAE = 0.072728 (epoch 70)
Epoch 071/100 | train_loss 0.024890 | val_MAPE 1.3838 | val_MAE 0.074687 | val_RMSE 0.112294
Epoch 072/100 | train_loss 0.024950 | val_MAPE 1.3840 | val_MAE 0.074614 | val_RMSE 0.111949
Epoch 073/100 | train_loss 0.025031 | val_MAPE 1.3842 | val_MAE 0.074592 | val_RMSE 0.112166
Epoch 074/100 | train_loss 0.024548 | val_MAPE 1.3806 | val_MAE 0.074351 | val_RMSE 0.111729
Epoch 075/100 | train_loss 0.024506 | val_MAPE 1.3873 | val_MAE 0.075153 | val_RMSE 0.112341
Epoch 076/100 | train_loss 0.025083 | val_MAPE 1.3977 | val_MAE 0.077119 | val_RMSE 0.114306
Epoch 077/100 | train_loss 0.024785 | val_MAPE 1.3758 | val_MAE 0.073298 | val_RMSE 0.110933
Epoch 078/100 | train_loss 0.025621 | val_MAPE 1.3884 | val_MAE 0.075552 | val_RMSE 0.112197
Epoch 079/100 | train_loss 0.024997 | val_MAPE 1.3971 | val_MAE 0.077223 | val_RMSE 0.113727
Epoch 080/100 | train_loss 0.025455 | val_MAPE 1.4119 | val_MAE 0.079932 | val_RMSE 0.116366
Epoch 081/100 | train_loss 0.025325 | val_MAPE 1.3976 | val_MAE 0.077025 | val_RMSE 0.113577
Epoch 082/100 | train_loss 0.024511 | val_MAPE 1.3902 | val_MAE 0.075710 | val_RMSE 0.112644
Epoch 083/100 | train_loss 0.024749 | val_MAPE 1.3959 | val_MAE 0.076878 | val_RMSE 0.113547
Epoch 084/100 | train_loss 0.025733 | val_MAPE 1.4048 | val_MAE 0.078529 | val_RMSE 0.114589
Epoch 085/100 | train_loss 0.025213 | val_MAPE 1.4000 | val_MAE 0.077859 | val_RMSE 0.114087
Epoch 086/100 | train_loss 0.025216 | val_MAPE 1.3947 | val_MAE 0.076581 | val_RMSE 0.113258
Epoch 087/100 | train_loss 0.024444 | val_MAPE 1.3897 | val_MAE 0.075667 | val_RMSE 0.112300
Epoch 088/100 | train_loss 0.024613 | val_MAPE 1.3821 | val_MAE 0.074308 | val_RMSE 0.111518
Epoch 089/100 | train_loss 0.024454 | val_MAPE 1.3821 | val_MAE 0.074287 | val_RMSE 0.111712
Epoch 090/100 | train_loss 0.024773 | val_MAPE 1.3866 | val_MAE 0.075041 | val_RMSE 0.112368
Epoch 091/100 | train_loss 0.024225 | val_MAPE 1.3888 | val_MAE 0.075442 | val_RMSE 0.112278
Epoch 092/100 | train_loss 0.024895 | val_MAPE 1.3919 | val_MAE 0.076235 | val_RMSE 0.112940
Epoch 093/100 | train_loss 0.024285 | val_MAPE 1.3893 | val_MAE 0.075693 | val_RMSE 0.112532
Epoch 094/100 | train_loss 0.024305 | val_MAPE 1.3877 | val_MAE 0.075293 | val_RMSE 0.112239
Epoch 095/100 | train_loss 0.024703 | val_MAPE 1.3889 | val_MAE 0.075586 | val_RMSE 0.112505
Epoch 096/100 | train_loss 0.024313 | val_MAPE 1.3873 | val_MAE 0.075263 | val_RMSE 0.112371
Epoch 097/100 | train_loss 0.024104 | val_MAPE 1.3880 | val_MAE 0.075318 | val_RMSE 0.112352
Epoch 098/100 | train_loss 0.024077 | val_MAPE 1.3850 | val_MAE 0.074765 | val_RMSE 0.111936
Epoch 099/100 | train_loss 0.024844 | val_MAPE 1.3857 | val_MAE 0.074829 | val_RMSE 0.111955
Epoch 100/100 | train_loss 0.024965 | val_MAPE 1.3869 | val_MAE 0.075123 | val_RMSE 0.112354

============================================================
Test Results (best val-MAE checkpoint)
MAPE : 0.664218
MAE  : 0.141330
RMSE : 0.196752
============================================================
