Using device: cuda
Dataset: COVID | N = 55 | T_in=12 | T_out=6
Model: FreqTimeHPG | Total params: 53860 | Trainable params: 53860
Epoch 001/100 | train_loss 0.158404 | val_MAPE 1.6546 | val_MAE 0.176875 | val_RMSE 0.225272
---> best val_MAE = 0.176875 (epoch 1)
Epoch 002/100 | train_loss 0.077709 | val_MAPE 1.6145 | val_MAE 0.146105 | val_RMSE 0.185779
---> best val_MAE = 0.146105 (epoch 2)
Epoch 003/100 | train_loss 0.058409 | val_MAPE 1.5933 | val_MAE 0.128793 | val_RMSE 0.167048
---> best val_MAE = 0.128793 (epoch 3)
Epoch 004/100 | train_loss 0.048827 | val_MAPE 1.5745 | val_MAE 0.118747 | val_RMSE 0.157301
---> best val_MAE = 0.118747 (epoch 4)
Epoch 005/100 | train_loss 0.044258 | val_MAPE 1.5856 | val_MAE 0.117134 | val_RMSE 0.153944
---> best val_MAE = 0.117134 (epoch 5)
Epoch 006/100 | train_loss 0.040210 | val_MAPE 1.5266 | val_MAE 0.107384 | val_RMSE 0.147603
---> best val_MAE = 0.107384 (epoch 6)
Epoch 007/100 | train_loss 0.037692 | val_MAPE 1.5857 | val_MAE 0.110145 | val_RMSE 0.148387
Epoch 008/100 | train_loss 0.035348 | val_MAPE 1.5268 | val_MAE 0.102781 | val_RMSE 0.140738
---> best val_MAE = 0.102781 (epoch 8)
Epoch 009/100 | train_loss 0.032972 | val_MAPE 1.5137 | val_MAE 0.096142 | val_RMSE 0.135148
---> best val_MAE = 0.096142 (epoch 9)
Epoch 010/100 | train_loss 0.031882 | val_MAPE 1.5053 | val_MAE 0.096703 | val_RMSE 0.133541
Epoch 011/100 | train_loss 0.030090 | val_MAPE 1.5122 | val_MAE 0.095236 | val_RMSE 0.132199
---> best val_MAE = 0.095236 (epoch 11)
Epoch 012/100 | train_loss 0.028965 | val_MAPE 1.4712 | val_MAE 0.089515 | val_RMSE 0.127173
---> best val_MAE = 0.089515 (epoch 12)
Epoch 013/100 | train_loss 0.027816 | val_MAPE 1.4490 | val_MAE 0.087046 | val_RMSE 0.124606
---> best val_MAE = 0.087046 (epoch 13)
Epoch 014/100 | train_loss 0.027066 | val_MAPE 1.4629 | val_MAE 0.087359 | val_RMSE 0.124232
Epoch 015/100 | train_loss 0.026330 | val_MAPE 1.4561 | val_MAE 0.084926 | val_RMSE 0.121522
---> best val_MAE = 0.084926 (epoch 15)
Epoch 016/100 | train_loss 0.025835 | val_MAPE 1.4295 | val_MAE 0.084094 | val_RMSE 0.119821
---> best val_MAE = 0.084094 (epoch 16)
Epoch 017/100 | train_loss 0.024879 | val_MAPE 1.4132 | val_MAE 0.079662 | val_RMSE 0.115454
---> best val_MAE = 0.079662 (epoch 17)
Epoch 018/100 | train_loss 0.024584 | val_MAPE 1.4492 | val_MAE 0.087053 | val_RMSE 0.121695
Epoch 019/100 | train_loss 0.023969 | val_MAPE 1.4086 | val_MAE 0.079125 | val_RMSE 0.113843
---> best val_MAE = 0.079125 (epoch 19)
Epoch 020/100 | train_loss 0.023066 | val_MAPE 1.4393 | val_MAE 0.083720 | val_RMSE 0.119984
Epoch 021/100 | train_loss 0.023400 | val_MAPE 1.4158 | val_MAE 0.078896 | val_RMSE 0.113608
---> best val_MAE = 0.078896 (epoch 21)
Epoch 022/100 | train_loss 0.022878 | val_MAPE 1.4045 | val_MAE 0.076126 | val_RMSE 0.110643
---> best val_MAE = 0.076126 (epoch 22)
Epoch 023/100 | train_loss 0.022328 | val_MAPE 1.3978 | val_MAE 0.074319 | val_RMSE 0.108753
---> best val_MAE = 0.074319 (epoch 23)
Epoch 024/100 | train_loss 0.021873 | val_MAPE 1.3807 | val_MAE 0.071945 | val_RMSE 0.106937
---> best val_MAE = 0.071945 (epoch 24)
Epoch 025/100 | train_loss 0.021371 | val_MAPE 1.3717 | val_MAE 0.070373 | val_RMSE 0.105411
---> best val_MAE = 0.070373 (epoch 25)
Epoch 026/100 | train_loss 0.021086 | val_MAPE 1.3735 | val_MAE 0.070479 | val_RMSE 0.105477
Epoch 027/100 | train_loss 0.021031 | val_MAPE 1.4318 | val_MAE 0.080530 | val_RMSE 0.115595
Epoch 028/100 | train_loss 0.021131 | val_MAPE 1.3616 | val_MAE 0.067999 | val_RMSE 0.103548
---> best val_MAE = 0.067999 (epoch 28)
Epoch 029/100 | train_loss 0.021231 | val_MAPE 1.3688 | val_MAE 0.069723 | val_RMSE 0.104381
Epoch 030/100 | train_loss 0.020584 | val_MAPE 1.3637 | val_MAE 0.068446 | val_RMSE 0.103224
Epoch 031/100 | train_loss 0.020176 | val_MAPE 1.3437 | val_MAE 0.065073 | val_RMSE 0.101315
---> best val_MAE = 0.065073 (epoch 31)
Epoch 032/100 | train_loss 0.020224 | val_MAPE 1.3506 | val_MAE 0.066187 | val_RMSE 0.101891
Epoch 033/100 | train_loss 0.020219 | val_MAPE 1.3649 | val_MAE 0.068527 | val_RMSE 0.103041
Epoch 034/100 | train_loss 0.020206 | val_MAPE 1.3496 | val_MAE 0.066082 | val_RMSE 0.102147
Epoch 035/100 | train_loss 0.020223 | val_MAPE 1.3562 | val_MAE 0.066838 | val_RMSE 0.101948
Epoch 036/100 | train_loss 0.019965 | val_MAPE 1.3615 | val_MAE 0.067551 | val_RMSE 0.102143
Epoch 037/100 | train_loss 0.020111 | val_MAPE 1.3871 | val_MAE 0.071940 | val_RMSE 0.105432
Epoch 038/100 | train_loss 0.019529 | val_MAPE 1.3334 | val_MAE 0.062917 | val_RMSE 0.099173
---> best val_MAE = 0.062917 (epoch 38)
Epoch 039/100 | train_loss 0.019522 | val_MAPE 1.3448 | val_MAE 0.064658 | val_RMSE 0.100077
Epoch 040/100 | train_loss 0.019977 | val_MAPE 1.3543 | val_MAE 0.066065 | val_RMSE 0.100449
Epoch 041/100 | train_loss 0.020116 | val_MAPE 1.3604 | val_MAE 0.067329 | val_RMSE 0.102546
Epoch 042/100 | train_loss 0.020181 | val_MAPE 1.4101 | val_MAE 0.077940 | val_RMSE 0.109291
Epoch 043/100 | train_loss 0.019923 | val_MAPE 1.3628 | val_MAE 0.066912 | val_RMSE 0.100963
Epoch 044/100 | train_loss 0.019522 | val_MAPE 1.3508 | val_MAE 0.065241 | val_RMSE 0.100865
Epoch 045/100 | train_loss 0.019254 | val_MAPE 1.3456 | val_MAE 0.064312 | val_RMSE 0.099695
Epoch 046/100 | train_loss 0.019481 | val_MAPE 1.3300 | val_MAE 0.062883 | val_RMSE 0.098779
---> best val_MAE = 0.062883 (epoch 46)
Epoch 047/100 | train_loss 0.019905 | val_MAPE 1.3691 | val_MAE 0.068040 | val_RMSE 0.102024
Epoch 048/100 | train_loss 0.019325 | val_MAPE 1.3377 | val_MAE 0.063240 | val_RMSE 0.098765
Epoch 049/100 | train_loss 0.019502 | val_MAPE 1.3487 | val_MAE 0.065069 | val_RMSE 0.100353
Epoch 050/100 | train_loss 0.019277 | val_MAPE 1.3542 | val_MAE 0.065824 | val_RMSE 0.100512
Epoch 051/100 | train_loss 0.019155 | val_MAPE 1.3198 | val_MAE 0.060458 | val_RMSE 0.097943
---> best val_MAE = 0.060458 (epoch 51)
Epoch 052/100 | train_loss 0.019013 | val_MAPE 1.3281 | val_MAE 0.061477 | val_RMSE 0.098061
Epoch 053/100 | train_loss 0.019284 | val_MAPE 1.3480 | val_MAE 0.065055 | val_RMSE 0.099902
Epoch 054/100 | train_loss 0.019009 | val_MAPE 1.3810 | val_MAE 0.071729 | val_RMSE 0.107209
Epoch 055/100 | train_loss 0.019194 | val_MAPE 1.3306 | val_MAE 0.061826 | val_RMSE 0.098595
Epoch 056/100 | train_loss 0.020010 | val_MAPE 1.3786 | val_MAE 0.070451 | val_RMSE 0.102858
Epoch 057/100 | train_loss 0.019435 | val_MAPE 1.3568 | val_MAE 0.066191 | val_RMSE 0.099804
Epoch 058/100 | train_loss 0.018941 | val_MAPE 1.3174 | val_MAE 0.059733 | val_RMSE 0.096933
---> best val_MAE = 0.059733 (epoch 58)
Epoch 059/100 | train_loss 0.018810 | val_MAPE 1.3162 | val_MAE 0.059583 | val_RMSE 0.096658
---> best val_MAE = 0.059583 (epoch 59)
Epoch 060/100 | train_loss 0.019134 | val_MAPE 1.3222 | val_MAE 0.060482 | val_RMSE 0.097186
Epoch 061/100 | train_loss 0.018627 | val_MAPE 1.3256 | val_MAE 0.060769 | val_RMSE 0.097259
Epoch 062/100 | train_loss 0.018953 | val_MAPE 1.3324 | val_MAE 0.061989 | val_RMSE 0.098820
Epoch 063/100 | train_loss 0.019293 | val_MAPE 1.3070 | val_MAE 0.058705 | val_RMSE 0.096351
---> best val_MAE = 0.058705 (epoch 63)
Epoch 064/100 | train_loss 0.019016 | val_MAPE 1.3472 | val_MAE 0.065690 | val_RMSE 0.101478
Epoch 065/100 | train_loss 0.019132 | val_MAPE 1.3234 | val_MAE 0.060588 | val_RMSE 0.097250
Epoch 066/100 | train_loss 0.019285 | val_MAPE 1.4389 | val_MAE 0.084257 | val_RMSE 0.116545
Epoch 067/100 | train_loss 0.019963 | val_MAPE 1.3658 | val_MAE 0.068268 | val_RMSE 0.102058
Epoch 068/100 | train_loss 0.018861 | val_MAPE 1.3078 | val_MAE 0.058243 | val_RMSE 0.095999
---> best val_MAE = 0.058243 (epoch 68)
Epoch 069/100 | train_loss 0.018897 | val_MAPE 1.3191 | val_MAE 0.059514 | val_RMSE 0.096321
Epoch 070/100 | train_loss 0.018952 | val_MAPE 1.3606 | val_MAE 0.066336 | val_RMSE 0.100419
Epoch 071/100 | train_loss 0.018835 | val_MAPE 1.3699 | val_MAE 0.069399 | val_RMSE 0.104611
Epoch 072/100 | train_loss 0.018925 | val_MAPE 1.3278 | val_MAE 0.061169 | val_RMSE 0.097254
Epoch 073/100 | train_loss 0.018882 | val_MAPE 1.3249 | val_MAE 0.060514 | val_RMSE 0.097352
Epoch 074/100 | train_loss 0.018681 | val_MAPE 1.3069 | val_MAE 0.057902 | val_RMSE 0.095612
---> best val_MAE = 0.057902 (epoch 74)
Epoch 075/100 | train_loss 0.019040 | val_MAPE 1.3675 | val_MAE 0.067442 | val_RMSE 0.101045
Epoch 076/100 | train_loss 0.018597 | val_MAPE 1.3271 | val_MAE 0.060882 | val_RMSE 0.097718
Epoch 077/100 | train_loss 0.018609 | val_MAPE 1.3154 | val_MAE 0.059010 | val_RMSE 0.095564
Epoch 078/100 | train_loss 0.018573 | val_MAPE 1.3206 | val_MAE 0.059980 | val_RMSE 0.096635
Epoch 079/100 | train_loss 0.018561 | val_MAPE 1.3839 | val_MAE 0.072048 | val_RMSE 0.106648
Epoch 080/100 | train_loss 0.018834 | val_MAPE 1.3120 | val_MAE 0.058839 | val_RMSE 0.096408
Epoch 081/100 | train_loss 0.018470 | val_MAPE 1.2945 | val_MAE 0.056113 | val_RMSE 0.094755
---> best val_MAE = 0.056113 (epoch 81)
Epoch 082/100 | train_loss 0.018750 | val_MAPE 1.3248 | val_MAE 0.060217 | val_RMSE 0.096127
Epoch 083/100 | train_loss 0.018708 | val_MAPE 1.3183 | val_MAE 0.059684 | val_RMSE 0.096513
Epoch 084/100 | train_loss 0.018464 | val_MAPE 1.3100 | val_MAE 0.058270 | val_RMSE 0.095539
Epoch 085/100 | train_loss 0.018407 | val_MAPE 1.3159 | val_MAE 0.059104 | val_RMSE 0.096322
Epoch 086/100 | train_loss 0.018496 | val_MAPE 1.3037 | val_MAE 0.057317 | val_RMSE 0.094872
Epoch 087/100 | train_loss 0.018272 | val_MAPE 1.2958 | val_MAE 0.056522 | val_RMSE 0.095123
Epoch 088/100 | train_loss 0.018724 | val_MAPE 1.3522 | val_MAE 0.065445 | val_RMSE 0.099225
Epoch 089/100 | train_loss 0.018700 | val_MAPE 1.3319 | val_MAE 0.061982 | val_RMSE 0.096979
Epoch 090/100 | train_loss 0.018451 | val_MAPE 1.3080 | val_MAE 0.057793 | val_RMSE 0.095278
Epoch 091/100 | train_loss 0.018980 | val_MAPE 1.3884 | val_MAE 0.072875 | val_RMSE 0.105066
Epoch 092/100 | train_loss 0.019427 | val_MAPE 1.3178 | val_MAE 0.059426 | val_RMSE 0.095801
Epoch 093/100 | train_loss 0.018644 | val_MAPE 1.3502 | val_MAE 0.064634 | val_RMSE 0.099030
Epoch 094/100 | train_loss 0.018211 | val_MAPE 1.3214 | val_MAE 0.059772 | val_RMSE 0.096242
Epoch 095/100 | train_loss 0.018119 | val_MAPE 1.3084 | val_MAE 0.057797 | val_RMSE 0.094905
Epoch 096/100 | train_loss 0.018278 | val_MAPE 1.3117 | val_MAE 0.058360 | val_RMSE 0.095246
Epoch 097/100 | train_loss 0.018347 | val_MAPE 1.3315 | val_MAE 0.061626 | val_RMSE 0.097441
Epoch 098/100 | train_loss 0.018505 | val_MAPE 1.3209 | val_MAE 0.059633 | val_RMSE 0.095557
Epoch 099/100 | train_loss 0.018216 | val_MAPE 1.3355 | val_MAE 0.061977 | val_RMSE 0.097580
Epoch 100/100 | train_loss 0.018145 | val_MAPE 1.3273 | val_MAE 0.060659 | val_RMSE 0.096186

============================================================
Test Results (best val-MAE checkpoint)
MAPE : 0.604081
MAE  : 0.108975
RMSE : 0.155585
============================================================
