Using device: cuda
Dataset: ECG | N = 140 | T_in=12 | T_out=12
Model: HSG | Total params: 54974 | Trainable params: 54974
Epoch 001/100 | train_loss 0.038969 | val_MAPE 0.2135 | val_MAE 0.085794 | val_RMSE 0.121083
---> best val_MAE = 0.085794 (epoch 1)
Epoch 002/100 | train_loss 0.011039 | val_MAPE 0.1889 | val_MAE 0.074928 | val_RMSE 0.108342
---> best val_MAE = 0.074928 (epoch 2)
Epoch 003/100 | train_loss 0.008758 | val_MAPE 0.1727 | val_MAE 0.068151 | val_RMSE 0.100611
---> best val_MAE = 0.068151 (epoch 3)
Epoch 004/100 | train_loss 0.007528 | val_MAPE 0.1607 | val_MAE 0.064262 | val_RMSE 0.095657
---> best val_MAE = 0.064262 (epoch 4)
Epoch 005/100 | train_loss 0.006970 | val_MAPE 0.1542 | val_MAE 0.061849 | val_RMSE 0.093126
---> best val_MAE = 0.061849 (epoch 5)
Epoch 006/100 | train_loss 0.006764 | val_MAPE 0.1502 | val_MAE 0.060800 | val_RMSE 0.091875
---> best val_MAE = 0.060800 (epoch 6)
Epoch 007/100 | train_loss 0.006691 | val_MAPE 0.1470 | val_MAE 0.059421 | val_RMSE 0.090706
---> best val_MAE = 0.059421 (epoch 7)
Epoch 008/100 | train_loss 0.006637 | val_MAPE 0.1453 | val_MAE 0.059069 | val_RMSE 0.090206
---> best val_MAE = 0.059069 (epoch 8)
Epoch 009/100 | train_loss 0.006606 | val_MAPE 0.1446 | val_MAE 0.058797 | val_RMSE 0.089957
---> best val_MAE = 0.058797 (epoch 9)
Epoch 010/100 | train_loss 0.006584 | val_MAPE 0.1436 | val_MAE 0.058433 | val_RMSE 0.089599
---> best val_MAE = 0.058433 (epoch 10)
Epoch 011/100 | train_loss 0.006574 | val_MAPE 0.1435 | val_MAE 0.058724 | val_RMSE 0.089671
Epoch 012/100 | train_loss 0.006556 | val_MAPE 0.1434 | val_MAE 0.058521 | val_RMSE 0.089565
Epoch 013/100 | train_loss 0.006539 | val_MAPE 0.1435 | val_MAE 0.058193 | val_RMSE 0.089406
---> best val_MAE = 0.058193 (epoch 13)
Epoch 014/100 | train_loss 0.006532 | val_MAPE 0.1437 | val_MAE 0.057910 | val_RMSE 0.089345
---> best val_MAE = 0.057910 (epoch 14)
Epoch 015/100 | train_loss 0.006527 | val_MAPE 0.1435 | val_MAE 0.058073 | val_RMSE 0.089351
Epoch 016/100 | train_loss 0.006520 | val_MAPE 0.1427 | val_MAE 0.058329 | val_RMSE 0.089255
Epoch 017/100 | train_loss 0.006512 | val_MAPE 0.1437 | val_MAE 0.057700 | val_RMSE 0.089225
---> best val_MAE = 0.057700 (epoch 17)
Epoch 018/100 | train_loss 0.006505 | val_MAPE 0.1426 | val_MAE 0.058408 | val_RMSE 0.089264
Epoch 019/100 | train_loss 0.006502 | val_MAPE 0.1439 | val_MAE 0.058024 | val_RMSE 0.089377
Epoch 020/100 | train_loss 0.006496 | val_MAPE 0.1425 | val_MAE 0.058296 | val_RMSE 0.089156
Epoch 021/100 | train_loss 0.006495 | val_MAPE 0.1428 | val_MAE 0.057906 | val_RMSE 0.089048
Epoch 022/100 | train_loss 0.006494 | val_MAPE 0.1430 | val_MAE 0.059186 | val_RMSE 0.089573
Epoch 023/100 | train_loss 0.006487 | val_MAPE 0.1433 | val_MAE 0.058061 | val_RMSE 0.089190
Epoch 024/100 | train_loss 0.006476 | val_MAPE 0.1437 | val_MAE 0.057473 | val_RMSE 0.089107
---> best val_MAE = 0.057473 (epoch 24)
Epoch 025/100 | train_loss 0.006490 | val_MAPE 0.1440 | val_MAE 0.057653 | val_RMSE 0.089202
Epoch 026/100 | train_loss 0.006480 | val_MAPE 0.1432 | val_MAE 0.057484 | val_RMSE 0.088951
Epoch 027/100 | train_loss 0.006476 | val_MAPE 0.1426 | val_MAE 0.058095 | val_RMSE 0.089013
Epoch 028/100 | train_loss 0.006472 | val_MAPE 0.1432 | val_MAE 0.057846 | val_RMSE 0.089088
Epoch 029/100 | train_loss 0.006471 | val_MAPE 0.1437 | val_MAE 0.057375 | val_RMSE 0.089048
---> best val_MAE = 0.057375 (epoch 29)
Epoch 030/100 | train_loss 0.006472 | val_MAPE 0.1431 | val_MAE 0.057896 | val_RMSE 0.089066
Epoch 031/100 | train_loss 0.006468 | val_MAPE 0.1427 | val_MAE 0.058919 | val_RMSE 0.089336
Epoch 032/100 | train_loss 0.006468 | val_MAPE 0.1436 | val_MAE 0.057465 | val_RMSE 0.089019
Epoch 033/100 | train_loss 0.006466 | val_MAPE 0.1429 | val_MAE 0.057822 | val_RMSE 0.089004
Epoch 034/100 | train_loss 0.006461 | val_MAPE 0.1430 | val_MAE 0.057515 | val_RMSE 0.088920
Epoch 035/100 | train_loss 0.006467 | val_MAPE 0.1430 | val_MAE 0.057858 | val_RMSE 0.089010
Epoch 036/100 | train_loss 0.006458 | val_MAPE 0.1431 | val_MAE 0.057557 | val_RMSE 0.088925
Epoch 037/100 | train_loss 0.006461 | val_MAPE 0.1430 | val_MAE 0.057537 | val_RMSE 0.088911
Epoch 038/100 | train_loss 0.006462 | val_MAPE 0.1426 | val_MAE 0.057668 | val_RMSE 0.088842
Epoch 039/100 | train_loss 0.006455 | val_MAPE 0.1425 | val_MAE 0.058101 | val_RMSE 0.088990
Epoch 040/100 | train_loss 0.006458 | val_MAPE 0.1430 | val_MAE 0.057523 | val_RMSE 0.088853
Epoch 041/100 | train_loss 0.006420 | val_MAPE 0.1426 | val_MAE 0.057538 | val_RMSE 0.088771
Epoch 042/100 | train_loss 0.006420 | val_MAPE 0.1427 | val_MAE 0.057469 | val_RMSE 0.088788
Epoch 043/100 | train_loss 0.006426 | val_MAPE 0.1433 | val_MAE 0.057263 | val_RMSE 0.088817
---> best val_MAE = 0.057263 (epoch 43)
Epoch 044/100 | train_loss 0.006428 | val_MAPE 0.1433 | val_MAE 0.057348 | val_RMSE 0.088865
Epoch 045/100 | train_loss 0.006424 | val_MAPE 0.1428 | val_MAE 0.057662 | val_RMSE 0.088828
Epoch 046/100 | train_loss 0.006423 | val_MAPE 0.1427 | val_MAE 0.057717 | val_RMSE 0.088837
Epoch 047/100 | train_loss 0.006421 | val_MAPE 0.1437 | val_MAE 0.057236 | val_RMSE 0.088887
---> best val_MAE = 0.057236 (epoch 47)
Epoch 048/100 | train_loss 0.006428 | val_MAPE 0.1428 | val_MAE 0.057998 | val_RMSE 0.088929
Epoch 049/100 | train_loss 0.006422 | val_MAPE 0.1429 | val_MAE 0.057822 | val_RMSE 0.088885
Epoch 050/100 | train_loss 0.006421 | val_MAPE 0.1432 | val_MAE 0.057442 | val_RMSE 0.088821
Epoch 051/100 | train_loss 0.006420 | val_MAPE 0.1430 | val_MAE 0.057677 | val_RMSE 0.088861
Epoch 052/100 | train_loss 0.006421 | val_MAPE 0.1430 | val_MAE 0.057600 | val_RMSE 0.088844
Epoch 053/100 | train_loss 0.006423 | val_MAPE 0.1428 | val_MAE 0.057743 | val_RMSE 0.088857
Epoch 054/100 | train_loss 0.006421 | val_MAPE 0.1433 | val_MAE 0.057503 | val_RMSE 0.088866
Epoch 055/100 | train_loss 0.006417 | val_MAPE 0.1429 | val_MAE 0.057903 | val_RMSE 0.088915
Epoch 056/100 | train_loss 0.006421 | val_MAPE 0.1431 | val_MAE 0.057684 | val_RMSE 0.088882
Epoch 057/100 | train_loss 0.006417 | val_MAPE 0.1431 | val_MAE 0.057646 | val_RMSE 0.088861
Epoch 058/100 | train_loss 0.006419 | val_MAPE 0.1438 | val_MAE 0.057302 | val_RMSE 0.088907
Epoch 059/100 | train_loss 0.006414 | val_MAPE 0.1431 | val_MAE 0.057602 | val_RMSE 0.088843
Epoch 060/100 | train_loss 0.006413 | val_MAPE 0.1432 | val_MAE 0.057477 | val_RMSE 0.088836
Epoch 061/100 | train_loss 0.006418 | val_MAPE 0.1432 | val_MAE 0.057611 | val_RMSE 0.088861
Epoch 062/100 | train_loss 0.006412 | val_MAPE 0.1431 | val_MAE 0.057674 | val_RMSE 0.088866
Epoch 063/100 | train_loss 0.006413 | val_MAPE 0.1432 | val_MAE 0.057678 | val_RMSE 0.088870
Epoch 064/100 | train_loss 0.006413 | val_MAPE 0.1432 | val_MAE 0.057541 | val_RMSE 0.088856
Epoch 065/100 | train_loss 0.006416 | val_MAPE 0.1432 | val_MAE 0.057558 | val_RMSE 0.088862
Epoch 066/100 | train_loss 0.006413 | val_MAPE 0.1435 | val_MAE 0.057435 | val_RMSE 0.088870
Epoch 067/100 | train_loss 0.006413 | val_MAPE 0.1431 | val_MAE 0.057798 | val_RMSE 0.088897
Epoch 068/100 | train_loss 0.006412 | val_MAPE 0.1432 | val_MAE 0.057705 | val_RMSE 0.088888
Epoch 069/100 | train_loss 0.006414 | val_MAPE 0.1431 | val_MAE 0.057840 | val_RMSE 0.088918
Epoch 070/100 | train_loss 0.006415 | val_MAPE 0.1433 | val_MAE 0.057607 | val_RMSE 0.088877
Epoch 071/100 | train_loss 0.006413 | val_MAPE 0.1434 | val_MAE 0.057572 | val_RMSE 0.088882
Epoch 072/100 | train_loss 0.006412 | val_MAPE 0.1433 | val_MAE 0.057578 | val_RMSE 0.088874
Epoch 073/100 | train_loss 0.006410 | val_MAPE 0.1433 | val_MAE 0.057598 | val_RMSE 0.088876
Epoch 074/100 | train_loss 0.006410 | val_MAPE 0.1432 | val_MAE 0.057700 | val_RMSE 0.088892
Epoch 075/100 | train_loss 0.006411 | val_MAPE 0.1434 | val_MAE 0.057539 | val_RMSE 0.088880
Epoch 076/100 | train_loss 0.006410 | val_MAPE 0.1433 | val_MAE 0.057628 | val_RMSE 0.088888
Epoch 077/100 | train_loss 0.006411 | val_MAPE 0.1435 | val_MAE 0.057474 | val_RMSE 0.088884
Epoch 078/100 | train_loss 0.006412 | val_MAPE 0.1432 | val_MAE 0.057665 | val_RMSE 0.088890
Epoch 079/100 | train_loss 0.006414 | val_MAPE 0.1431 | val_MAE 0.057808 | val_RMSE 0.088912
Epoch 080/100 | train_loss 0.006413 | val_MAPE 0.1432 | val_MAE 0.057683 | val_RMSE 0.088893
Epoch 081/100 | train_loss 0.006413 | val_MAPE 0.1432 | val_MAE 0.057707 | val_RMSE 0.088895
Epoch 082/100 | train_loss 0.006415 | val_MAPE 0.1432 | val_MAE 0.057727 | val_RMSE 0.088900
Epoch 083/100 | train_loss 0.006411 | val_MAPE 0.1433 | val_MAE 0.057636 | val_RMSE 0.088890
Epoch 084/100 | train_loss 0.006412 | val_MAPE 0.1433 | val_MAE 0.057689 | val_RMSE 0.088897
Epoch 085/100 | train_loss 0.006411 | val_MAPE 0.1434 | val_MAE 0.057599 | val_RMSE 0.088890
Epoch 086/100 | train_loss 0.006411 | val_MAPE 0.1434 | val_MAE 0.057585 | val_RMSE 0.088890
Epoch 087/100 | train_loss 0.006411 | val_MAPE 0.1433 | val_MAE 0.057621 | val_RMSE 0.088892
Epoch 088/100 | train_loss 0.006410 | val_MAPE 0.1434 | val_MAE 0.057592 | val_RMSE 0.088892
Epoch 089/100 | train_loss 0.006409 | val_MAPE 0.1433 | val_MAE 0.057698 | val_RMSE 0.088901
Epoch 090/100 | train_loss 0.006412 | val_MAPE 0.1433 | val_MAE 0.057700 | val_RMSE 0.088904
Epoch 091/100 | train_loss 0.006409 | val_MAPE 0.1433 | val_MAE 0.057687 | val_RMSE 0.088904
Epoch 092/100 | train_loss 0.006409 | val_MAPE 0.1434 | val_MAE 0.057661 | val_RMSE 0.088901
Epoch 093/100 | train_loss 0.006410 | val_MAPE 0.1433 | val_MAE 0.057681 | val_RMSE 0.088902
Epoch 094/100 | train_loss 0.006412 | val_MAPE 0.1433 | val_MAE 0.057668 | val_RMSE 0.088902
Epoch 095/100 | train_loss 0.006412 | val_MAPE 0.1434 | val_MAE 0.057650 | val_RMSE 0.088900
Epoch 096/100 | train_loss 0.006410 | val_MAPE 0.1434 | val_MAE 0.057648 | val_RMSE 0.088900
Epoch 097/100 | train_loss 0.006408 | val_MAPE 0.1434 | val_MAE 0.057629 | val_RMSE 0.088898
Epoch 098/100 | train_loss 0.006407 | val_MAPE 0.1434 | val_MAE 0.057662 | val_RMSE 0.088902
Epoch 099/100 | train_loss 0.006411 | val_MAPE 0.1434 | val_MAE 0.057652 | val_RMSE 0.088901
Epoch 100/100 | train_loss 0.006413 | val_MAPE 0.1433 | val_MAE 0.057671 | val_RMSE 0.088903

============================================================
Test Results (best val-MAE checkpoint)
MAPE : 0.152562
MAE  : 0.060621
RMSE : 0.091758
============================================================
