Using device: cuda
Dataset: METR-LA | N = 207 | T_in=12 | T_out=9
Model: HSG | Total params: 54855 | Trainable params: 54855
Epoch 001/100 | train_loss 0.036602 | val_MAPE 0.4968 | val_MAE 0.084350 | val_RMSE 0.164970
---> best val_MAE = 0.084350 (epoch 1)
Epoch 002/100 | train_loss 0.020894 | val_MAPE 0.4871 | val_MAE 0.078826 | val_RMSE 0.159865
---> best val_MAE = 0.078826 (epoch 2)
Epoch 003/100 | train_loss 0.020548 | val_MAPE 0.5669 | val_MAE 0.163034 | val_RMSE 0.207082
Epoch 004/100 | train_loss 0.020075 | val_MAPE 0.4860 | val_MAE 0.078213 | val_RMSE 0.159320
---> best val_MAE = 0.078213 (epoch 4)
Epoch 005/100 | train_loss 0.019946 | val_MAPE 0.4872 | val_MAE 0.085524 | val_RMSE 0.157318
Epoch 006/100 | train_loss 0.019864 | val_MAPE 0.4802 | val_MAE 0.075597 | val_RMSE 0.156435
---> best val_MAE = 0.075597 (epoch 6)
Epoch 007/100 | train_loss 0.019863 | val_MAPE 0.4790 | val_MAE 0.077016 | val_RMSE 0.155621
Epoch 008/100 | train_loss 0.019845 | val_MAPE 0.4775 | val_MAE 0.074127 | val_RMSE 0.156562
---> best val_MAE = 0.074127 (epoch 8)
Epoch 009/100 | train_loss 0.019863 | val_MAPE 0.4791 | val_MAE 0.077347 | val_RMSE 0.155429
Epoch 010/100 | train_loss 0.019855 | val_MAPE 0.4780 | val_MAE 0.076464 | val_RMSE 0.155393
Epoch 011/100 | train_loss 0.019876 | val_MAPE 0.4797 | val_MAE 0.080692 | val_RMSE 0.156280
Epoch 012/100 | train_loss 0.019899 | val_MAPE 0.4774 | val_MAE 0.078349 | val_RMSE 0.155702
Epoch 013/100 | train_loss 0.019904 | val_MAPE 0.4852 | val_MAE 0.086884 | val_RMSE 0.157080
Epoch 014/100 | train_loss 0.019891 | val_MAPE 0.4758 | val_MAE 0.076385 | val_RMSE 0.155464
Epoch 015/100 | train_loss 0.019900 | val_MAPE 0.4737 | val_MAE 0.074045 | val_RMSE 0.155905
---> best val_MAE = 0.074045 (epoch 15)
Epoch 016/100 | train_loss 0.019912 | val_MAPE 0.4774 | val_MAE 0.079042 | val_RMSE 0.155829
Epoch 017/100 | train_loss 0.019910 | val_MAPE 0.4742 | val_MAE 0.074981 | val_RMSE 0.155566
Epoch 018/100 | train_loss 0.019946 | val_MAPE 0.4969 | val_MAE 0.099288 | val_RMSE 0.161158
Epoch 019/100 | train_loss 0.019910 | val_MAPE 0.4744 | val_MAE 0.073522 | val_RMSE 0.157403
---> best val_MAE = 0.073522 (epoch 19)
Epoch 020/100 | train_loss 0.019930 | val_MAPE 0.4744 | val_MAE 0.073660 | val_RMSE 0.156837
Epoch 021/100 | train_loss 0.019921 | val_MAPE 0.4747 | val_MAE 0.075113 | val_RMSE 0.155553
Epoch 022/100 | train_loss 0.019965 | val_MAPE 0.4812 | val_MAE 0.082654 | val_RMSE 0.157972
Epoch 023/100 | train_loss 0.019945 | val_MAPE 0.4775 | val_MAE 0.078944 | val_RMSE 0.155649
Epoch 024/100 | train_loss 0.019941 | val_MAPE 0.4760 | val_MAE 0.077281 | val_RMSE 0.155631
Epoch 025/100 | train_loss 0.019953 | val_MAPE 0.4748 | val_MAE 0.076255 | val_RMSE 0.155915
Epoch 026/100 | train_loss 0.019959 | val_MAPE 0.4749 | val_MAE 0.076508 | val_RMSE 0.156118
Epoch 027/100 | train_loss 0.019966 | val_MAPE 0.4735 | val_MAE 0.074018 | val_RMSE 0.156234
Epoch 028/100 | train_loss 0.019989 | val_MAPE 0.4742 | val_MAE 0.075306 | val_RMSE 0.155780
Epoch 029/100 | train_loss 0.019980 | val_MAPE 0.4771 | val_MAE 0.078796 | val_RMSE 0.155861
Epoch 030/100 | train_loss 0.019971 | val_MAPE 0.4745 | val_MAE 0.075526 | val_RMSE 0.155775
Epoch 031/100 | train_loss 0.019919 | val_MAPE 0.4729 | val_MAE 0.073524 | val_RMSE 0.156186
Epoch 032/100 | train_loss 0.019944 | val_MAPE 0.4747 | val_MAE 0.075711 | val_RMSE 0.155738
Epoch 033/100 | train_loss 0.019921 | val_MAPE 0.4736 | val_MAE 0.074527 | val_RMSE 0.155932
Epoch 034/100 | train_loss 0.019922 | val_MAPE 0.4819 | val_MAE 0.083863 | val_RMSE 0.156476
Epoch 035/100 | train_loss 0.019938 | val_MAPE 0.4750 | val_MAE 0.076258 | val_RMSE 0.155713
Epoch 036/100 | train_loss 0.019935 | val_MAPE 0.4774 | val_MAE 0.079011 | val_RMSE 0.155751
Epoch 037/100 | train_loss 0.019916 | val_MAPE 0.4745 | val_MAE 0.075220 | val_RMSE 0.155760
Epoch 038/100 | train_loss 0.019912 | val_MAPE 0.4735 | val_MAE 0.074005 | val_RMSE 0.156030
Epoch 039/100 | train_loss 0.019917 | val_MAPE 0.4753 | val_MAE 0.076550 | val_RMSE 0.155707
Epoch 040/100 | train_loss 0.019913 | val_MAPE 0.4737 | val_MAE 0.074380 | val_RMSE 0.155907
Epoch 041/100 | train_loss 0.019925 | val_MAPE 0.4756 | val_MAE 0.077009 | val_RMSE 0.155639
Epoch 042/100 | train_loss 0.019904 | val_MAPE 0.4741 | val_MAE 0.075209 | val_RMSE 0.155768
Epoch 043/100 | train_loss 0.019908 | val_MAPE 0.4776 | val_MAE 0.079226 | val_RMSE 0.155776
Epoch 044/100 | train_loss 0.019900 | val_MAPE 0.4739 | val_MAE 0.074782 | val_RMSE 0.155804
Epoch 045/100 | train_loss 0.020274 | val_MAPE 0.4738 | val_MAE 0.074078 | val_RMSE 0.156065
Epoch 046/100 | train_loss 0.019900 | val_MAPE 0.4764 | val_MAE 0.077787 | val_RMSE 0.155637
Epoch 047/100 | train_loss 0.019903 | val_MAPE 0.4735 | val_MAE 0.074189 | val_RMSE 0.155926
Epoch 048/100 | train_loss 0.019902 | val_MAPE 0.4747 | val_MAE 0.075641 | val_RMSE 0.155689
Epoch 049/100 | train_loss 0.019904 | val_MAPE 0.4755 | val_MAE 0.076779 | val_RMSE 0.155678
Epoch 050/100 | train_loss 0.019896 | val_MAPE 0.4746 | val_MAE 0.075495 | val_RMSE 0.155702
Epoch 051/100 | train_loss 0.019905 | val_MAPE 0.4742 | val_MAE 0.075054 | val_RMSE 0.155757
Epoch 052/100 | train_loss 0.019904 | val_MAPE 0.4752 | val_MAE 0.076473 | val_RMSE 0.155653
Epoch 053/100 | train_loss 0.019899 | val_MAPE 0.4742 | val_MAE 0.075251 | val_RMSE 0.155716
Epoch 054/100 | train_loss 0.019914 | val_MAPE 0.4750 | val_MAE 0.076180 | val_RMSE 0.155647
Epoch 055/100 | train_loss 0.020203 | val_MAPE 0.4773 | val_MAE 0.078825 | val_RMSE 0.155696
Epoch 056/100 | train_loss 0.019938 | val_MAPE 0.4749 | val_MAE 0.075996 | val_RMSE 0.155687
Epoch 057/100 | train_loss 0.019918 | val_MAPE 0.4761 | val_MAE 0.077488 | val_RMSE 0.155667
Epoch 058/100 | train_loss 0.020019 | val_MAPE 0.4738 | val_MAE 0.074617 | val_RMSE 0.155871
Epoch 059/100 | train_loss 0.019892 | val_MAPE 0.4740 | val_MAE 0.075019 | val_RMSE 0.155738
Epoch 060/100 | train_loss 0.019902 | val_MAPE 0.4744 | val_MAE 0.075429 | val_RMSE 0.155702
Epoch 061/100 | train_loss 0.019886 | val_MAPE 0.4741 | val_MAE 0.075100 | val_RMSE 0.155745
Epoch 062/100 | train_loss 0.019909 | val_MAPE 0.4748 | val_MAE 0.076014 | val_RMSE 0.155672
Epoch 063/100 | train_loss 0.019890 | val_MAPE 0.4749 | val_MAE 0.076008 | val_RMSE 0.155665
Epoch 064/100 | train_loss 0.019889 | val_MAPE 0.4742 | val_MAE 0.075191 | val_RMSE 0.155717
Epoch 065/100 | train_loss 0.019975 | val_MAPE 0.4756 | val_MAE 0.076895 | val_RMSE 0.155639
Epoch 066/100 | train_loss 0.019883 | val_MAPE 0.4748 | val_MAE 0.075926 | val_RMSE 0.155664
Epoch 067/100 | train_loss 0.019891 | val_MAPE 0.4754 | val_MAE 0.076649 | val_RMSE 0.155643
Epoch 068/100 | train_loss 0.019895 | val_MAPE 0.4748 | val_MAE 0.075961 | val_RMSE 0.155664
Epoch 069/100 | train_loss 0.019902 | val_MAPE 0.4745 | val_MAE 0.075572 | val_RMSE 0.155687
Epoch 070/100 | train_loss 0.019893 | val_MAPE 0.4753 | val_MAE 0.076502 | val_RMSE 0.155640
Epoch 071/100 | train_loss 0.019880 | val_MAPE 0.4748 | val_MAE 0.075921 | val_RMSE 0.155660
Epoch 072/100 | train_loss 0.019885 | val_MAPE 0.4747 | val_MAE 0.075830 | val_RMSE 0.155664
Epoch 073/100 | train_loss 0.019891 | val_MAPE 0.4760 | val_MAE 0.077446 | val_RMSE 0.155642
Epoch 074/100 | train_loss 0.019887 | val_MAPE 0.4752 | val_MAE 0.076417 | val_RMSE 0.155635
Epoch 075/100 | train_loss 0.019896 | val_MAPE 0.4749 | val_MAE 0.076094 | val_RMSE 0.155648
Epoch 076/100 | train_loss 0.019883 | val_MAPE 0.4747 | val_MAE 0.075857 | val_RMSE 0.155663
Epoch 077/100 | train_loss 0.019886 | val_MAPE 0.4747 | val_MAE 0.075754 | val_RMSE 0.155671
Epoch 078/100 | train_loss 0.019989 | val_MAPE 0.4747 | val_MAE 0.075776 | val_RMSE 0.155677
Epoch 079/100 | train_loss 0.019898 | val_MAPE 0.4752 | val_MAE 0.076423 | val_RMSE 0.155638
Epoch 080/100 | train_loss 0.019881 | val_MAPE 0.4748 | val_MAE 0.075955 | val_RMSE 0.155656
Epoch 081/100 | train_loss 0.019892 | val_MAPE 0.4747 | val_MAE 0.075853 | val_RMSE 0.155660
Epoch 082/100 | train_loss 0.019878 | val_MAPE 0.4744 | val_MAE 0.075522 | val_RMSE 0.155684
Epoch 083/100 | train_loss 0.019881 | val_MAPE 0.4743 | val_MAE 0.075264 | val_RMSE 0.155708
Epoch 084/100 | train_loss 0.019882 | val_MAPE 0.4745 | val_MAE 0.075598 | val_RMSE 0.155677
Epoch 085/100 | train_loss 0.019902 | val_MAPE 0.4749 | val_MAE 0.076049 | val_RMSE 0.155652
Epoch 086/100 | train_loss 0.019888 | val_MAPE 0.4743 | val_MAE 0.075339 | val_RMSE 0.155699
Epoch 087/100 | train_loss 0.019991 | val_MAPE 0.4745 | val_MAE 0.075605 | val_RMSE 0.155678
Epoch 088/100 | train_loss 0.019898 | val_MAPE 0.4746 | val_MAE 0.075641 | val_RMSE 0.155675
Epoch 089/100 | train_loss 0.019879 | val_MAPE 0.4749 | val_MAE 0.076063 | val_RMSE 0.155649
Epoch 090/100 | train_loss 0.019876 | val_MAPE 0.4745 | val_MAE 0.075567 | val_RMSE 0.155679
Epoch 091/100 | train_loss 0.019885 | val_MAPE 0.4745 | val_MAE 0.075510 | val_RMSE 0.155682
Epoch 092/100 | train_loss 0.019882 | val_MAPE 0.4746 | val_MAE 0.075682 | val_RMSE 0.155671
Epoch 093/100 | train_loss 0.019895 | val_MAPE 0.4749 | val_MAE 0.076041 | val_RMSE 0.155648
Epoch 094/100 | train_loss 0.019891 | val_MAPE 0.4745 | val_MAE 0.075549 | val_RMSE 0.155679
Epoch 095/100 | train_loss 0.019894 | val_MAPE 0.4746 | val_MAE 0.075670 | val_RMSE 0.155671
Epoch 096/100 | train_loss 0.019904 | val_MAPE 0.4749 | val_MAE 0.076026 | val_RMSE 0.155651
Epoch 097/100 | train_loss 0.019883 | val_MAPE 0.4749 | val_MAE 0.076041 | val_RMSE 0.155649
Epoch 098/100 | train_loss 0.019886 | val_MAPE 0.4747 | val_MAE 0.075834 | val_RMSE 0.155659
Epoch 099/100 | train_loss 0.020217 | val_MAPE 0.4747 | val_MAE 0.075831 | val_RMSE 0.155658
Epoch 100/100 | train_loss 0.019878 | val_MAPE 0.4747 | val_MAE 0.075815 | val_RMSE 0.155659

============================================================
Test Results (best val-MAE checkpoint)
MAPE : 0.884737
MAE  : 0.076422
RMSE : 0.155751
============================================================
