Using device: cuda
Dataset: WIKI | N = 2000 | T_in=12 | T_out=6
Model: HSG | Total params: 61640 | Trainable params: 61640
Epoch 001/100 | train_loss 0.020731 | val_MAPE 1.9167 | val_MAE 0.090320 | val_RMSE 1.348236
---> best val_MAE = 0.090320 (epoch 1)
Epoch 002/100 | train_loss 0.010786 | val_MAPE 1.7598 | val_MAE 0.084093 | val_RMSE 1.342378
---> best val_MAE = 0.084093 (epoch 2)
Epoch 003/100 | train_loss 0.009282 | val_MAPE 1.7593 | val_MAE 0.078675 | val_RMSE 1.340757
---> best val_MAE = 0.078675 (epoch 3)
Epoch 004/100 | train_loss 0.008497 | val_MAPE 1.8702 | val_MAE 0.079872 | val_RMSE 1.341519
Epoch 005/100 | train_loss 0.007895 | val_MAPE 1.5364 | val_MAE 0.072457 | val_RMSE 1.343387
---> best val_MAE = 0.072457 (epoch 5)
Epoch 006/100 | train_loss 0.007564 | val_MAPE 1.8268 | val_MAE 0.077714 | val_RMSE 1.346227
Epoch 007/100 | train_loss 0.007228 | val_MAPE 1.7258 | val_MAE 0.071619 | val_RMSE 1.348971
---> best val_MAE = 0.071619 (epoch 7)
Epoch 008/100 | train_loss 0.007024 | val_MAPE 1.4940 | val_MAE 0.072027 | val_RMSE 1.352252
Epoch 009/100 | train_loss 0.006864 | val_MAPE 1.8411 | val_MAE 0.076738 | val_RMSE 1.356016
Epoch 010/100 | train_loss 0.006869 | val_MAPE 1.8097 | val_MAE 0.073178 | val_RMSE 1.359188
Epoch 011/100 | train_loss 0.006523 | val_MAPE 1.4405 | val_MAE 0.068410 | val_RMSE 1.362662
---> best val_MAE = 0.068410 (epoch 11)
Epoch 012/100 | train_loss 0.006555 | val_MAPE 1.5658 | val_MAE 0.071126 | val_RMSE 1.365516
Epoch 013/100 | train_loss 0.006364 | val_MAPE 1.0605 | val_MAE 0.064390 | val_RMSE 1.368394
---> best val_MAE = 0.064390 (epoch 13)
Epoch 014/100 | train_loss 0.006275 | val_MAPE 0.9802 | val_MAE 0.064227 | val_RMSE 1.371605
---> best val_MAE = 0.064227 (epoch 14)
Epoch 015/100 | train_loss 0.006390 | val_MAPE 1.3969 | val_MAE 0.067297 | val_RMSE 1.373893
Epoch 016/100 | train_loss 0.006166 | val_MAPE 1.4894 | val_MAE 0.069257 | val_RMSE 1.376710
Epoch 017/100 | train_loss 0.006445 | val_MAPE 1.2595 | val_MAE 0.065968 | val_RMSE 1.377433
Epoch 018/100 | train_loss 0.006633 | val_MAPE 1.8964 | val_MAE 0.086392 | val_RMSE 1.381412
Epoch 019/100 | train_loss 0.006255 | val_MAPE 1.2704 | val_MAE 0.066661 | val_RMSE 1.380787
Epoch 020/100 | train_loss 0.006271 | val_MAPE 1.4056 | val_MAE 0.067253 | val_RMSE 1.383557
Epoch 021/100 | train_loss 0.006040 | val_MAPE 1.4742 | val_MAE 0.067047 | val_RMSE 1.383520
Epoch 022/100 | train_loss 0.006238 | val_MAPE 1.2602 | val_MAE 0.066941 | val_RMSE 1.384283
Epoch 023/100 | train_loss 0.006233 | val_MAPE 0.9445 | val_MAE 0.063540 | val_RMSE 1.385039
---> best val_MAE = 0.063540 (epoch 23)
Epoch 024/100 | train_loss 0.005968 | val_MAPE 1.3640 | val_MAE 0.067439 | val_RMSE 1.386831
Epoch 025/100 | train_loss 0.006031 | val_MAPE 1.4786 | val_MAE 0.069847 | val_RMSE 1.387098
Epoch 026/100 | train_loss 0.006037 | val_MAPE 1.6105 | val_MAE 0.069695 | val_RMSE 1.388088
Epoch 027/100 | train_loss 0.005926 | val_MAPE 1.1316 | val_MAE 0.065752 | val_RMSE 1.389210
Epoch 028/100 | train_loss 0.005977 | val_MAPE 1.2535 | val_MAE 0.066006 | val_RMSE 1.388049
Epoch 029/100 | train_loss 0.006170 | val_MAPE 1.3750 | val_MAE 0.066576 | val_RMSE 1.389667
Epoch 030/100 | train_loss 0.006009 | val_MAPE 1.5858 | val_MAE 0.069533 | val_RMSE 1.390462
Epoch 031/100 | train_loss 0.005942 | val_MAPE 1.5632 | val_MAE 0.069838 | val_RMSE 1.390243
Epoch 032/100 | train_loss 0.006303 | val_MAPE 1.6222 | val_MAE 0.074361 | val_RMSE 1.390129
Epoch 033/100 | train_loss 0.005901 | val_MAPE 0.9842 | val_MAE 0.063474 | val_RMSE 1.389928
---> best val_MAE = 0.063474 (epoch 33)
Epoch 034/100 | train_loss 0.005897 | val_MAPE 0.9862 | val_MAE 0.063682 | val_RMSE 1.389475
Epoch 035/100 | train_loss 0.005883 | val_MAPE 1.2314 | val_MAE 0.065870 | val_RMSE 1.390013
Epoch 036/100 | train_loss 0.005887 | val_MAPE 1.2439 | val_MAE 0.066392 | val_RMSE 1.390616
Epoch 037/100 | train_loss 0.005934 | val_MAPE 1.2946 | val_MAE 0.068024 | val_RMSE 1.389435
Epoch 038/100 | train_loss 0.005837 | val_MAPE 1.3332 | val_MAE 0.065744 | val_RMSE 1.390165
Epoch 039/100 | train_loss 0.006124 | val_MAPE 1.4424 | val_MAE 0.068619 | val_RMSE 1.389797
Epoch 040/100 | train_loss 0.005835 | val_MAPE 1.4765 | val_MAE 0.068680 | val_RMSE 1.389713
Epoch 041/100 | train_loss 0.006000 | val_MAPE 1.0524 | val_MAE 0.064363 | val_RMSE 1.388424
Epoch 042/100 | train_loss 0.006036 | val_MAPE 1.4706 | val_MAE 0.070311 | val_RMSE 1.388712
Epoch 043/100 | train_loss 0.005777 | val_MAPE 1.2035 | val_MAE 0.064996 | val_RMSE 1.388081
Epoch 044/100 | train_loss 0.005972 | val_MAPE 1.3578 | val_MAE 0.066842 | val_RMSE 1.385795
Epoch 045/100 | train_loss 0.005652 | val_MAPE 0.8939 | val_MAE 0.062683 | val_RMSE 1.387013
---> best val_MAE = 0.062683 (epoch 45)
Epoch 046/100 | train_loss 0.005724 | val_MAPE 1.3251 | val_MAE 0.065905 | val_RMSE 1.388422
Epoch 047/100 | train_loss 0.005870 | val_MAPE 1.8420 | val_MAE 0.073194 | val_RMSE 1.389652
Epoch 048/100 | train_loss 0.005699 | val_MAPE 1.2417 | val_MAE 0.065546 | val_RMSE 1.388091
Epoch 049/100 | train_loss 0.005845 | val_MAPE 1.3380 | val_MAE 0.065880 | val_RMSE 1.387480
Epoch 050/100 | train_loss 0.005799 | val_MAPE 1.2795 | val_MAE 0.065353 | val_RMSE 1.387555
Epoch 051/100 | train_loss 0.005773 | val_MAPE 1.1935 | val_MAE 0.064825 | val_RMSE 1.386811
Epoch 052/100 | train_loss 0.005803 | val_MAPE 1.3520 | val_MAE 0.066187 | val_RMSE 1.386601
Epoch 053/100 | train_loss 0.005797 | val_MAPE 1.4124 | val_MAE 0.067861 | val_RMSE 1.386583
Epoch 054/100 | train_loss 0.005789 | val_MAPE 0.9894 | val_MAE 0.063364 | val_RMSE 1.385960
Epoch 055/100 | train_loss 0.005818 | val_MAPE 0.9659 | val_MAE 0.063440 | val_RMSE 1.386027
Epoch 056/100 | train_loss 0.005785 | val_MAPE 0.9955 | val_MAE 0.065715 | val_RMSE 1.386140
Epoch 057/100 | train_loss 0.005875 | val_MAPE 1.1939 | val_MAE 0.063867 | val_RMSE 1.386484
Epoch 058/100 | train_loss 0.005877 | val_MAPE 1.3580 | val_MAE 0.065498 | val_RMSE 1.386637
Epoch 059/100 | train_loss 0.005737 | val_MAPE 1.3889 | val_MAE 0.065936 | val_RMSE 1.387426
Epoch 060/100 | train_loss 0.005628 | val_MAPE 1.1103 | val_MAE 0.063716 | val_RMSE 1.386912
Epoch 061/100 | train_loss 0.005705 | val_MAPE 1.2285 | val_MAE 0.065441 | val_RMSE 1.386913
Epoch 062/100 | train_loss 0.005652 | val_MAPE 1.2450 | val_MAE 0.064923 | val_RMSE 1.387179
Epoch 063/100 | train_loss 0.005775 | val_MAPE 1.3518 | val_MAE 0.065438 | val_RMSE 1.386733
Epoch 064/100 | train_loss 0.005626 | val_MAPE 0.9859 | val_MAE 0.063347 | val_RMSE 1.386647
Epoch 065/100 | train_loss 0.005826 | val_MAPE 1.0234 | val_MAE 0.064726 | val_RMSE 1.385886
Epoch 066/100 | train_loss 0.005749 | val_MAPE 1.4190 | val_MAE 0.065881 | val_RMSE 1.386780
Epoch 067/100 | train_loss 0.005689 | val_MAPE 1.2635 | val_MAE 0.064636 | val_RMSE 1.386616
Epoch 068/100 | train_loss 0.005843 | val_MAPE 1.4479 | val_MAE 0.066096 | val_RMSE 1.386828
Epoch 069/100 | train_loss 0.005612 | val_MAPE 1.0730 | val_MAE 0.063311 | val_RMSE 1.386474
Epoch 070/100 | train_loss 0.005683 | val_MAPE 1.1422 | val_MAE 0.063639 | val_RMSE 1.386267
Epoch 071/100 | train_loss 0.005771 | val_MAPE 1.1658 | val_MAE 0.063982 | val_RMSE 1.386096
Epoch 072/100 | train_loss 0.005761 | val_MAPE 1.2815 | val_MAE 0.064710 | val_RMSE 1.386241
Epoch 073/100 | train_loss 0.005729 | val_MAPE 0.8952 | val_MAE 0.062734 | val_RMSE 1.385770
Epoch 074/100 | train_loss 0.005748 | val_MAPE 1.3706 | val_MAE 0.065777 | val_RMSE 1.386296
Epoch 075/100 | train_loss 0.005702 | val_MAPE 1.1984 | val_MAE 0.063912 | val_RMSE 1.386104
Epoch 076/100 | train_loss 0.005612 | val_MAPE 0.9421 | val_MAE 0.062900 | val_RMSE 1.386052
Epoch 077/100 | train_loss 0.005614 | val_MAPE 1.2503 | val_MAE 0.064300 | val_RMSE 1.386347
Epoch 078/100 | train_loss 0.005589 | val_MAPE 1.1153 | val_MAE 0.063565 | val_RMSE 1.386158
Epoch 079/100 | train_loss 0.005658 | val_MAPE 1.0929 | val_MAE 0.063232 | val_RMSE 1.385999
Epoch 080/100 | train_loss 0.005729 | val_MAPE 1.2412 | val_MAE 0.064149 | val_RMSE 1.386001
Epoch 081/100 | train_loss 0.005701 | val_MAPE 1.3158 | val_MAE 0.064741 | val_RMSE 1.386034
Epoch 082/100 | train_loss 0.005807 | val_MAPE 1.1019 | val_MAE 0.063435 | val_RMSE 1.385677
Epoch 083/100 | train_loss 0.005700 | val_MAPE 1.1755 | val_MAE 0.063705 | val_RMSE 1.385709
Epoch 084/100 | train_loss 0.005733 | val_MAPE 1.2434 | val_MAE 0.064157 | val_RMSE 1.385737
Epoch 085/100 | train_loss 0.005774 | val_MAPE 1.4216 | val_MAE 0.065496 | val_RMSE 1.385808
Epoch 086/100 | train_loss 0.005733 | val_MAPE 1.1084 | val_MAE 0.063344 | val_RMSE 1.385614
Epoch 087/100 | train_loss 0.005693 | val_MAPE 1.2290 | val_MAE 0.063980 | val_RMSE 1.385655
Epoch 088/100 | train_loss 0.005582 | val_MAPE 1.1713 | val_MAE 0.063641 | val_RMSE 1.385707
Epoch 089/100 | train_loss 0.005854 | val_MAPE 1.4872 | val_MAE 0.066289 | val_RMSE 1.385956
Epoch 090/100 | train_loss 0.005646 | val_MAPE 1.2366 | val_MAE 0.064197 | val_RMSE 1.385848
Epoch 091/100 | train_loss 0.005661 | val_MAPE 1.1950 | val_MAE 0.063798 | val_RMSE 1.385718
Epoch 092/100 | train_loss 0.005580 | val_MAPE 1.0624 | val_MAE 0.062939 | val_RMSE 1.385597
Epoch 093/100 | train_loss 0.005729 | val_MAPE 1.1972 | val_MAE 0.063677 | val_RMSE 1.385584
Epoch 094/100 | train_loss 0.005745 | val_MAPE 1.2340 | val_MAE 0.063864 | val_RMSE 1.385532
Epoch 095/100 | train_loss 0.005649 | val_MAPE 1.1976 | val_MAE 0.063670 | val_RMSE 1.385515
Epoch 096/100 | train_loss 0.005646 | val_MAPE 1.3052 | val_MAE 0.064430 | val_RMSE 1.385643
Epoch 097/100 | train_loss 0.005679 | val_MAPE 1.1922 | val_MAE 0.063623 | val_RMSE 1.385551
Epoch 098/100 | train_loss 0.005698 | val_MAPE 1.2409 | val_MAE 0.063954 | val_RMSE 1.385533
Epoch 099/100 | train_loss 0.005693 | val_MAPE 1.3413 | val_MAE 0.064870 | val_RMSE 1.385636
Epoch 100/100 | train_loss 0.005604 | val_MAPE 1.2073 | val_MAE 0.063767 | val_RMSE 1.385567

============================================================
Test Results (best val-MAE checkpoint)
MAPE : 0.989211
MAE  : 0.036327
RMSE : 0.239773
============================================================
